<?xml version="1.0" encoding="UTF-8"?>
<!-- Generated by org.testng.reporters.JUnitReportReporter -->
<testsuite hostname="DESKTOP-2SKVUE2" failures="0" tests="1" name="TestCase.Tc" time="0.012" errors="0" timestamp="2024-08-13T10:18:48 IST" skipped="0">
  <testcase classname="TestCase.Tc" name="tc" time="0.012"/>
  <system-out/>
</testsuite> <!-- TestCase.Tc -->
